CRITICAL - 2022-12-18 11:13:33 --> foreach() argument must be of type array|object, null given
in APPPATH\Controllers\AdminSP.php on line 188.
 1 APPPATH\Controllers\AdminSP.php(188): CodeIgniter\Debug\Exceptions->errorHandler(2, 'foreach() argument must be of type array|object, null given', 'APPPATH\\Controllers\\AdminSP.php', 188)
 2 SYSTEMPATH\CodeIgniter.php(904): App\Controllers\AdminSP->mekanisme()
 3 SYSTEMPATH\CodeIgniter.php(457): CodeIgniter\CodeIgniter->runController(Object(App\Controllers\AdminSP))
 4 SYSTEMPATH\CodeIgniter.php(340): CodeIgniter\CodeIgniter->handleRequest(null, Object(Config\Cache), false)
 5 FCPATH\index.php(67): CodeIgniter\CodeIgniter->run()
CRITICAL - 2022-12-18 11:13:33 --> foreach() argument must be of type array|object, null given
in APPPATH\Controllers\AdminSP.php on line 202.
 1 APPPATH\Controllers\AdminSP.php(202): CodeIgniter\Debug\Exceptions->errorHandler(2, 'foreach() argument must be of type array|object, null given', 'APPPATH\\Controllers\\AdminSP.php', 202)
 2 SYSTEMPATH\CodeIgniter.php(904): App\Controllers\AdminSP->judul()
 3 SYSTEMPATH\CodeIgniter.php(457): CodeIgniter\CodeIgniter->runController(Object(App\Controllers\AdminSP))
 4 SYSTEMPATH\CodeIgniter.php(340): CodeIgniter\CodeIgniter->handleRequest(null, Object(Config\Cache), false)
 5 FCPATH\index.php(67): CodeIgniter\CodeIgniter->run()
CRITICAL - 2022-12-18 11:13:33 --> foreach() argument must be of type array|object, null given
in APPPATH\Controllers\AdminSP.php on line 188.
 1 APPPATH\Controllers\AdminSP.php(188): CodeIgniter\Debug\Exceptions->errorHandler(2, 'foreach() argument must be of type array|object, null given', 'APPPATH\\Controllers\\AdminSP.php', 188)
 2 SYSTEMPATH\CodeIgniter.php(904): App\Controllers\AdminSP->mekanisme()
 3 SYSTEMPATH\CodeIgniter.php(457): CodeIgniter\CodeIgniter->runController(Object(App\Controllers\AdminSP))
 4 SYSTEMPATH\CodeIgniter.php(340): CodeIgniter\CodeIgniter->handleRequest(null, Object(Config\Cache), false)
 5 FCPATH\index.php(67): CodeIgniter\CodeIgniter->run()
CRITICAL - 2022-12-18 11:13:33 --> foreach() argument must be of type array|object, null given
in APPPATH\Controllers\AdminSP.php on line 202.
 1 APPPATH\Controllers\AdminSP.php(202): CodeIgniter\Debug\Exceptions->errorHandler(2, 'foreach() argument must be of type array|object, null given', 'APPPATH\\Controllers\\AdminSP.php', 202)
 2 SYSTEMPATH\CodeIgniter.php(904): App\Controllers\AdminSP->judul()
 3 SYSTEMPATH\CodeIgniter.php(457): CodeIgniter\CodeIgniter->runController(Object(App\Controllers\AdminSP))
 4 SYSTEMPATH\CodeIgniter.php(340): CodeIgniter\CodeIgniter->handleRequest(null, Object(Config\Cache), false)
 5 FCPATH\index.php(67): CodeIgniter\CodeIgniter->run()
CRITICAL - 2022-12-18 12:21:50 --> foreach() argument must be of type array|object, null given
in APPPATH\Controllers\AdminSP.php on line 202.
 1 APPPATH\Controllers\AdminSP.php(202): CodeIgniter\Debug\Exceptions->errorHandler(2, 'foreach() argument must be of type array|object, null given', 'APPPATH\\Controllers\\AdminSP.php', 202)
 2 SYSTEMPATH\CodeIgniter.php(904): App\Controllers\AdminSP->judul()
 3 SYSTEMPATH\CodeIgniter.php(457): CodeIgniter\CodeIgniter->runController(Object(App\Controllers\AdminSP))
 4 SYSTEMPATH\CodeIgniter.php(340): CodeIgniter\CodeIgniter->handleRequest(null, Object(Config\Cache), false)
 5 FCPATH\index.php(67): CodeIgniter\CodeIgniter->run()
CRITICAL - 2022-12-18 12:21:50 --> foreach() argument must be of type array|object, null given
in APPPATH\Controllers\AdminSP.php on line 188.
 1 APPPATH\Controllers\AdminSP.php(188): CodeIgniter\Debug\Exceptions->errorHandler(2, 'foreach() argument must be of type array|object, null given', 'APPPATH\\Controllers\\AdminSP.php', 188)
 2 SYSTEMPATH\CodeIgniter.php(904): App\Controllers\AdminSP->mekanisme()
 3 SYSTEMPATH\CodeIgniter.php(457): CodeIgniter\CodeIgniter->runController(Object(App\Controllers\AdminSP))
 4 SYSTEMPATH\CodeIgniter.php(340): CodeIgniter\CodeIgniter->handleRequest(null, Object(Config\Cache), false)
 5 FCPATH\index.php(67): CodeIgniter\CodeIgniter->run()
CRITICAL - 2022-12-18 13:15:49 --> syntax error, unexpected token ","
in APPPATH\Controllers\AdminSP.php on line 665.
 1 SYSTEMPATH\Router\Router.php(499): CodeIgniter\Router\AutoRouter->getRoute('adminsp/ajukan')
 2 SYSTEMPATH\Router\Router.php(205): CodeIgniter\Router\Router->autoRoute('adminsp/ajukan')
 3 SYSTEMPATH\CodeIgniter.php(779): CodeIgniter\Router\Router->handle('adminsp/ajukan')
 4 SYSTEMPATH\CodeIgniter.php(406): CodeIgniter\CodeIgniter->tryToRouteIt(Object(CodeIgniter\Router\RouteCollection))
 5 SYSTEMPATH\CodeIgniter.php(340): CodeIgniter\CodeIgniter->handleRequest(null, Object(Config\Cache), false)
 6 FCPATH\index.php(67): CodeIgniter\CodeIgniter->run()
CRITICAL - 2022-12-18 13:16:12 --> syntax error, unexpected token ","
in APPPATH\Controllers\AdminSP.php on line 665.
 1 SYSTEMPATH\Router\Router.php(499): CodeIgniter\Router\AutoRouter->getRoute('adminsp/ajukan')
 2 SYSTEMPATH\Router\Router.php(205): CodeIgniter\Router\Router->autoRoute('adminsp/ajukan')
 3 SYSTEMPATH\CodeIgniter.php(779): CodeIgniter\Router\Router->handle('adminsp/ajukan')
 4 SYSTEMPATH\CodeIgniter.php(406): CodeIgniter\CodeIgniter->tryToRouteIt(Object(CodeIgniter\Router\RouteCollection))
 5 SYSTEMPATH\CodeIgniter.php(340): CodeIgniter\CodeIgniter->handleRequest(null, Object(Config\Cache), false)
 6 FCPATH\index.php(67): CodeIgniter\CodeIgniter->run()
CRITICAL - 2022-12-18 15:30:49 --> foreach() argument must be of type array|object, string given
in APPPATH\Controllers\AdminSP.php on line 188.
 1 APPPATH\Controllers\AdminSP.php(188): CodeIgniter\Debug\Exceptions->errorHandler(2, 'foreach() argument must be of type array|object, string given', 'APPPATH\\Controllers\\AdminSP.php', 188)
 2 SYSTEMPATH\CodeIgniter.php(904): App\Controllers\AdminSP->mekanisme()
 3 SYSTEMPATH\CodeIgniter.php(457): CodeIgniter\CodeIgniter->runController(Object(App\Controllers\AdminSP))
 4 SYSTEMPATH\CodeIgniter.php(340): CodeIgniter\CodeIgniter->handleRequest(null, Object(Config\Cache), false)
 5 FCPATH\index.php(67): CodeIgniter\CodeIgniter->run()
CRITICAL - 2022-12-18 15:30:49 --> foreach() argument must be of type array|object, string given
in APPPATH\Controllers\AdminSP.php on line 202.
 1 APPPATH\Controllers\AdminSP.php(202): CodeIgniter\Debug\Exceptions->errorHandler(2, 'foreach() argument must be of type array|object, string given', 'APPPATH\\Controllers\\AdminSP.php', 202)
 2 SYSTEMPATH\CodeIgniter.php(904): App\Controllers\AdminSP->judul()
 3 SYSTEMPATH\CodeIgniter.php(457): CodeIgniter\CodeIgniter->runController(Object(App\Controllers\AdminSP))
 4 SYSTEMPATH\CodeIgniter.php(340): CodeIgniter\CodeIgniter->handleRequest(null, Object(Config\Cache), false)
 5 FCPATH\index.php(67): CodeIgniter\CodeIgniter->run()
CRITICAL - 2022-12-18 15:31:30 --> foreach() argument must be of type array|object, string given
in APPPATH\Controllers\AdminSP.php on line 202.
 1 APPPATH\Controllers\AdminSP.php(202): CodeIgniter\Debug\Exceptions->errorHandler(2, 'foreach() argument must be of type array|object, string given', 'APPPATH\\Controllers\\AdminSP.php', 202)
 2 SYSTEMPATH\CodeIgniter.php(904): App\Controllers\AdminSP->judul()
 3 SYSTEMPATH\CodeIgniter.php(457): CodeIgniter\CodeIgniter->runController(Object(App\Controllers\AdminSP))
 4 SYSTEMPATH\CodeIgniter.php(340): CodeIgniter\CodeIgniter->handleRequest(null, Object(Config\Cache), false)
 5 FCPATH\index.php(67): CodeIgniter\CodeIgniter->run()
CRITICAL - 2022-12-18 15:31:30 --> foreach() argument must be of type array|object, string given
in APPPATH\Controllers\AdminSP.php on line 188.
 1 APPPATH\Controllers\AdminSP.php(188): CodeIgniter\Debug\Exceptions->errorHandler(2, 'foreach() argument must be of type array|object, string given', 'APPPATH\\Controllers\\AdminSP.php', 188)
 2 SYSTEMPATH\CodeIgniter.php(904): App\Controllers\AdminSP->mekanisme()
 3 SYSTEMPATH\CodeIgniter.php(457): CodeIgniter\CodeIgniter->runController(Object(App\Controllers\AdminSP))
 4 SYSTEMPATH\CodeIgniter.php(340): CodeIgniter\CodeIgniter->handleRequest(null, Object(Config\Cache), false)
 5 FCPATH\index.php(67): CodeIgniter\CodeIgniter->run()
CRITICAL - 2022-12-18 15:31:47 --> str_replace(): Passing null to parameter #3 ($subject) of type array|string is deprecated
in SYSTEMPATH\Email\Email.php on line 632.
 1 [internal function]: CodeIgniter\Debug\Exceptions->errorHandler(8192, 'str_replace(): Passing null to parameter #3 ($subject) of type array|string is deprecated', 'SYSTEMPATH\\Email\\Email.php', 632)
 2 SYSTEMPATH\Email\Email.php(632): str_replace('', 'C:\\xampp\\htdocs\\claim', null)
 3 APPPATH\Helpers\email_helper.php(14): CodeIgniter\Email\Email->setMessage(null)
 4 APPPATH\Controllers\AdminSP.php(661): send_approv()
 5 SYSTEMPATH\CodeIgniter.php(904): App\Controllers\AdminSP->kirim_email()
 6 SYSTEMPATH\CodeIgniter.php(457): CodeIgniter\CodeIgniter->runController(Object(App\Controllers\AdminSP))
 7 SYSTEMPATH\CodeIgniter.php(340): CodeIgniter\CodeIgniter->handleRequest(null, Object(Config\Cache), false)
 8 FCPATH\index.php(67): CodeIgniter\CodeIgniter->run()
CRITICAL - 2022-12-18 15:32:29 --> str_replace(): Passing null to parameter #3 ($subject) of type array|string is deprecated
in SYSTEMPATH\Email\Email.php on line 632.
 1 [internal function]: CodeIgniter\Debug\Exceptions->errorHandler(8192, 'str_replace(): Passing null to parameter #3 ($subject) of type array|string is deprecated', 'SYSTEMPATH\\Email\\Email.php', 632)
 2 SYSTEMPATH\Email\Email.php(632): str_replace('', 'C:\\xampp\\htdocs\\claim', null)
 3 APPPATH\Helpers\email_helper.php(14): CodeIgniter\Email\Email->setMessage(null)
 4 APPPATH\Controllers\AdminSP.php(661): send_approv()
 5 SYSTEMPATH\CodeIgniter.php(904): App\Controllers\AdminSP->kirim_email()
 6 SYSTEMPATH\CodeIgniter.php(457): CodeIgniter\CodeIgniter->runController(Object(App\Controllers\AdminSP))
 7 SYSTEMPATH\CodeIgniter.php(340): CodeIgniter\CodeIgniter->handleRequest(null, Object(Config\Cache), false)
 8 FCPATH\index.php(67): CodeIgniter\CodeIgniter->run()
CRITICAL - 2022-12-18 15:34:12 --> str_replace(): Passing null to parameter #3 ($subject) of type array|string is deprecated
in SYSTEMPATH\Email\Email.php on line 632.
 1 [internal function]: CodeIgniter\Debug\Exceptions->errorHandler(8192, 'str_replace(): Passing null to parameter #3 ($subject) of type array|string is deprecated', 'SYSTEMPATH\\Email\\Email.php', 632)
 2 SYSTEMPATH\Email\Email.php(632): str_replace('', 'C:\\xampp\\htdocs\\claim', null)
 3 APPPATH\Helpers\email_helper.php(14): CodeIgniter\Email\Email->setMessage(null)
 4 APPPATH\Controllers\AdminSP.php(661): send_approv()
 5 SYSTEMPATH\CodeIgniter.php(904): App\Controllers\AdminSP->kirim_email()
 6 SYSTEMPATH\CodeIgniter.php(457): CodeIgniter\CodeIgniter->runController(Object(App\Controllers\AdminSP))
 7 SYSTEMPATH\CodeIgniter.php(340): CodeIgniter\CodeIgniter->handleRequest(null, Object(Config\Cache), false)
 8 FCPATH\index.php(67): CodeIgniter\CodeIgniter->run()
CRITICAL - 2022-12-18 15:34:41 --> str_replace(): Passing null to parameter #3 ($subject) of type array|string is deprecated
in SYSTEMPATH\Email\Email.php on line 632.
 1 [internal function]: CodeIgniter\Debug\Exceptions->errorHandler(8192, 'str_replace(): Passing null to parameter #3 ($subject) of type array|string is deprecated', 'SYSTEMPATH\\Email\\Email.php', 632)
 2 SYSTEMPATH\Email\Email.php(632): str_replace('', 'C:\\xampp\\htdocs\\claim', null)
 3 APPPATH\Helpers\email_helper.php(14): CodeIgniter\Email\Email->setMessage(null)
 4 APPPATH\Controllers\AdminSP.php(661): send_approv()
 5 SYSTEMPATH\CodeIgniter.php(904): App\Controllers\AdminSP->kirim_email()
 6 SYSTEMPATH\CodeIgniter.php(457): CodeIgniter\CodeIgniter->runController(Object(App\Controllers\AdminSP))
 7 SYSTEMPATH\CodeIgniter.php(340): CodeIgniter\CodeIgniter->handleRequest(null, Object(Config\Cache), false)
 8 FCPATH\index.php(67): CodeIgniter\CodeIgniter->run()
CRITICAL - 2022-12-18 15:34:43 --> str_replace(): Passing null to parameter #3 ($subject) of type array|string is deprecated
in SYSTEMPATH\Email\Email.php on line 632.
 1 [internal function]: CodeIgniter\Debug\Exceptions->errorHandler(8192, 'str_replace(): Passing null to parameter #3 ($subject) of type array|string is deprecated', 'SYSTEMPATH\\Email\\Email.php', 632)
 2 SYSTEMPATH\Email\Email.php(632): str_replace('', 'C:\\xampp\\htdocs\\claim', null)
 3 APPPATH\Helpers\email_helper.php(14): CodeIgniter\Email\Email->setMessage(null)
 4 APPPATH\Controllers\AdminSP.php(661): send_approv()
 5 SYSTEMPATH\CodeIgniter.php(904): App\Controllers\AdminSP->kirim_email()
 6 SYSTEMPATH\CodeIgniter.php(457): CodeIgniter\CodeIgniter->runController(Object(App\Controllers\AdminSP))
 7 SYSTEMPATH\CodeIgniter.php(340): CodeIgniter\CodeIgniter->handleRequest(null, Object(Config\Cache), false)
 8 FCPATH\index.php(67): CodeIgniter\CodeIgniter->run()
CRITICAL - 2022-12-18 15:34:58 --> str_replace(): Passing null to parameter #3 ($subject) of type array|string is deprecated
in SYSTEMPATH\Email\Email.php on line 632.
 1 [internal function]: CodeIgniter\Debug\Exceptions->errorHandler(8192, 'str_replace(): Passing null to parameter #3 ($subject) of type array|string is deprecated', 'SYSTEMPATH\\Email\\Email.php', 632)
 2 SYSTEMPATH\Email\Email.php(632): str_replace('', 'C:\\xampp\\htdocs\\claim', null)
 3 APPPATH\Helpers\email_helper.php(14): CodeIgniter\Email\Email->setMessage(null)
 4 APPPATH\Controllers\AdminSP.php(661): send_approv()
 5 SYSTEMPATH\CodeIgniter.php(904): App\Controllers\AdminSP->kirim_email()
 6 SYSTEMPATH\CodeIgniter.php(457): CodeIgniter\CodeIgniter->runController(Object(App\Controllers\AdminSP))
 7 SYSTEMPATH\CodeIgniter.php(340): CodeIgniter\CodeIgniter->handleRequest(null, Object(Config\Cache), false)
 8 FCPATH\index.php(67): CodeIgniter\CodeIgniter->run()
CRITICAL - 2022-12-18 15:37:16 --> foreach() argument must be of type array|object, string given
in APPPATH\Controllers\AdminSP.php on line 188.
 1 APPPATH\Controllers\AdminSP.php(188): CodeIgniter\Debug\Exceptions->errorHandler(2, 'foreach() argument must be of type array|object, string given', 'APPPATH\\Controllers\\AdminSP.php', 188)
 2 SYSTEMPATH\CodeIgniter.php(904): App\Controllers\AdminSP->mekanisme()
 3 SYSTEMPATH\CodeIgniter.php(457): CodeIgniter\CodeIgniter->runController(Object(App\Controllers\AdminSP))
 4 SYSTEMPATH\CodeIgniter.php(340): CodeIgniter\CodeIgniter->handleRequest(null, Object(Config\Cache), false)
 5 FCPATH\index.php(67): CodeIgniter\CodeIgniter->run()
CRITICAL - 2022-12-18 15:37:16 --> foreach() argument must be of type array|object, string given
in APPPATH\Controllers\AdminSP.php on line 202.
 1 APPPATH\Controllers\AdminSP.php(202): CodeIgniter\Debug\Exceptions->errorHandler(2, 'foreach() argument must be of type array|object, string given', 'APPPATH\\Controllers\\AdminSP.php', 202)
 2 SYSTEMPATH\CodeIgniter.php(904): App\Controllers\AdminSP->judul()
 3 SYSTEMPATH\CodeIgniter.php(457): CodeIgniter\CodeIgniter->runController(Object(App\Controllers\AdminSP))
 4 SYSTEMPATH\CodeIgniter.php(340): CodeIgniter\CodeIgniter->handleRequest(null, Object(Config\Cache), false)
 5 FCPATH\index.php(67): CodeIgniter\CodeIgniter->run()
CRITICAL - 2022-12-18 20:36:09 --> foreach() argument must be of type array|object, string given
in APPPATH\Controllers\AdminSP.php on line 188.
 1 APPPATH\Controllers\AdminSP.php(188): CodeIgniter\Debug\Exceptions->errorHandler(2, 'foreach() argument must be of type array|object, string given', 'APPPATH\\Controllers\\AdminSP.php', 188)
 2 SYSTEMPATH\CodeIgniter.php(904): App\Controllers\AdminSP->mekanisme()
 3 SYSTEMPATH\CodeIgniter.php(457): CodeIgniter\CodeIgniter->runController(Object(App\Controllers\AdminSP))
 4 SYSTEMPATH\CodeIgniter.php(340): CodeIgniter\CodeIgniter->handleRequest(null, Object(Config\Cache), false)
 5 FCPATH\index.php(67): CodeIgniter\CodeIgniter->run()
CRITICAL - 2022-12-18 20:36:10 --> foreach() argument must be of type array|object, string given
in APPPATH\Controllers\AdminSP.php on line 202.
 1 APPPATH\Controllers\AdminSP.php(202): CodeIgniter\Debug\Exceptions->errorHandler(2, 'foreach() argument must be of type array|object, string given', 'APPPATH\\Controllers\\AdminSP.php', 202)
 2 SYSTEMPATH\CodeIgniter.php(904): App\Controllers\AdminSP->judul()
 3 SYSTEMPATH\CodeIgniter.php(457): CodeIgniter\CodeIgniter->runController(Object(App\Controllers\AdminSP))
 4 SYSTEMPATH\CodeIgniter.php(340): CodeIgniter\CodeIgniter->handleRequest(null, Object(Config\Cache), false)
 5 FCPATH\index.php(67): CodeIgniter\CodeIgniter->run()
CRITICAL - 2022-12-18 20:41:42 --> foreach() argument must be of type array|object, string given
in APPPATH\Controllers\AdminSP.php on line 188.
 1 APPPATH\Controllers\AdminSP.php(188): CodeIgniter\Debug\Exceptions->errorHandler(2, 'foreach() argument must be of type array|object, string given', 'APPPATH\\Controllers\\AdminSP.php', 188)
 2 SYSTEMPATH\CodeIgniter.php(904): App\Controllers\AdminSP->mekanisme()
 3 SYSTEMPATH\CodeIgniter.php(457): CodeIgniter\CodeIgniter->runController(Object(App\Controllers\AdminSP))
 4 SYSTEMPATH\CodeIgniter.php(340): CodeIgniter\CodeIgniter->handleRequest(null, Object(Config\Cache), false)
 5 FCPATH\index.php(67): CodeIgniter\CodeIgniter->run()
CRITICAL - 2022-12-18 20:41:43 --> foreach() argument must be of type array|object, string given
in APPPATH\Controllers\AdminSP.php on line 202.
 1 APPPATH\Controllers\AdminSP.php(202): CodeIgniter\Debug\Exceptions->errorHandler(2, 'foreach() argument must be of type array|object, string given', 'APPPATH\\Controllers\\AdminSP.php', 202)
 2 SYSTEMPATH\CodeIgniter.php(904): App\Controllers\AdminSP->judul()
 3 SYSTEMPATH\CodeIgniter.php(457): CodeIgniter\CodeIgniter->runController(Object(App\Controllers\AdminSP))
 4 SYSTEMPATH\CodeIgniter.php(340): CodeIgniter\CodeIgniter->handleRequest(null, Object(Config\Cache), false)
 5 FCPATH\index.php(67): CodeIgniter\CodeIgniter->run()
ERROR - 2022-12-18 20:58:49 --> mysqli_sql_exception: Duplicate entry '' for key 'PRIMARY' in C:\xampp\htdocs\claim\vendor\codeigniter4\framework\system\Database\MySQLi\Connection.php:293
Stack trace:
#0 C:\xampp\htdocs\claim\vendor\codeigniter4\framework\system\Database\MySQLi\Connection.php(293): mysqli->query('INSERT INTO `tb...', 0)
#1 C:\xampp\htdocs\claim\vendor\codeigniter4\framework\system\Database\BaseConnection.php(694): CodeIgniter\Database\MySQLi\Connection->execute('INSERT INTO `tb...')
#2 C:\xampp\htdocs\claim\vendor\codeigniter4\framework\system\Database\BaseConnection.php(621): CodeIgniter\Database\BaseConnection->simpleQuery('INSERT INTO `tb...')
#3 C:\xampp\htdocs\claim\vendor\codeigniter4\framework\system\Database\BaseBuilder.php(1916): CodeIgniter\Database\BaseConnection->query('INSERT INTO `tb...', Array, false)
#4 C:\xampp\htdocs\claim\app\Controllers\AdminSP.php(669): CodeIgniter\Database\BaseBuilder->insert(Array)
#5 C:\xampp\htdocs\claim\vendor\codeigniter4\framework\system\CodeIgniter.php(904): App\Controllers\AdminSP->kirim_email()
#6 C:\xampp\htdocs\claim\vendor\codeigniter4\framework\system\CodeIgniter.php(457): CodeIgniter\CodeIgniter->runController(Object(App\Controllers\AdminSP))
#7 C:\xampp\htdocs\claim\vendor\codeigniter4\framework\system\CodeIgniter.php(340): CodeIgniter\CodeIgniter->handleRequest(NULL, Object(Config\Cache), false)
#8 C:\xampp\htdocs\claim\index.php(67): CodeIgniter\CodeIgniter->run()
#9 {main}
CRITICAL - 2022-12-18 20:58:49 --> Duplicate entry '' for key 'PRIMARY'
in SYSTEMPATH\Database\MySQLi\Connection.php on line 293.
 1 SYSTEMPATH\Database\MySQLi\Connection.php(293): mysqli->query('INSERT INTO `tblock` (`kdsp`, `kdsupp`, `nosrt`, `sts`, `tglajuan`) VALUES (21, \'0040\', \'tes1\', 0, \'2022-12-18 20:58:44\')', 0)
 2 SYSTEMPATH\Database\BaseConnection.php(694): CodeIgniter\Database\MySQLi\Connection->execute('INSERT INTO `tblock` (`kdsp`, `kdsupp`, `nosrt`, `sts`, `tglajuan`) VALUES (21, \'0040\', \'tes1\', 0, \'2022-12-18 20:58:44\')')
 3 SYSTEMPATH\Database\BaseConnection.php(621): CodeIgniter\Database\BaseConnection->simpleQuery('INSERT INTO `tblock` (`kdsp`, `kdsupp`, `nosrt`, `sts`, `tglajuan`) VALUES (21, \'0040\', \'tes1\', 0, \'2022-12-18 20:58:44\')')
 4 SYSTEMPATH\Database\BaseBuilder.php(1916): CodeIgniter\Database\BaseConnection->query('INSERT INTO `tblock` (`kdsp`, `kdsupp`, `nosrt`, `sts`, `tglajuan`) VALUES (:kdsp:, :kdsupp:, :nosrt:, :sts:, :tglajuan:)', [...], false)
 5 APPPATH\Controllers\AdminSP.php(669): CodeIgniter\Database\BaseBuilder->insert([...])
 6 SYSTEMPATH\CodeIgniter.php(904): App\Controllers\AdminSP->kirim_email()
 7 SYSTEMPATH\CodeIgniter.php(457): CodeIgniter\CodeIgniter->runController(Object(App\Controllers\AdminSP))
 8 SYSTEMPATH\CodeIgniter.php(340): CodeIgniter\CodeIgniter->handleRequest(null, Object(Config\Cache), false)
 9 FCPATH\index.php(67): CodeIgniter\CodeIgniter->run()
CRITICAL - 2022-12-18 21:30:31 --> foreach() argument must be of type array|object, string given
in APPPATH\Controllers\AdminSP.php on line 188.
 1 APPPATH\Controllers\AdminSP.php(188): CodeIgniter\Debug\Exceptions->errorHandler(2, 'foreach() argument must be of type array|object, string given', 'APPPATH\\Controllers\\AdminSP.php', 188)
 2 SYSTEMPATH\CodeIgniter.php(904): App\Controllers\AdminSP->mekanisme()
 3 SYSTEMPATH\CodeIgniter.php(457): CodeIgniter\CodeIgniter->runController(Object(App\Controllers\AdminSP))
 4 SYSTEMPATH\CodeIgniter.php(340): CodeIgniter\CodeIgniter->handleRequest(null, Object(Config\Cache), false)
 5 FCPATH\index.php(67): CodeIgniter\CodeIgniter->run()
CRITICAL - 2022-12-18 21:30:31 --> foreach() argument must be of type array|object, string given
in APPPATH\Controllers\AdminSP.php on line 202.
 1 APPPATH\Controllers\AdminSP.php(202): CodeIgniter\Debug\Exceptions->errorHandler(2, 'foreach() argument must be of type array|object, string given', 'APPPATH\\Controllers\\AdminSP.php', 202)
 2 SYSTEMPATH\CodeIgniter.php(904): App\Controllers\AdminSP->judul()
 3 SYSTEMPATH\CodeIgniter.php(457): CodeIgniter\CodeIgniter->runController(Object(App\Controllers\AdminSP))
 4 SYSTEMPATH\CodeIgniter.php(340): CodeIgniter\CodeIgniter->handleRequest(null, Object(Config\Cache), false)
 5 FCPATH\index.php(67): CodeIgniter\CodeIgniter->run()
