CRITICAL - 2023-06-23 10:33:31 --> Attempt to read property "name" on null
in APPPATH\Helpers\lapor_helper.php on line 68.
 1 APPPATH\Helpers\lapor_helper.php(68): CodeIgniter\Debug\Exceptions->errorHandler(2, 'Attempt to read property "name" on null', 'APPPATH\\Helpers\\lapor_helper.php', 68)
 2 APPPATH\Controllers\Lapor.php(30): jurusan()
 3 SYSTEMPATH\CodeIgniter.php(904): App\Controllers\Lapor->data_admin()
 4 SYSTEMPATH\CodeIgniter.php(457): CodeIgniter\CodeIgniter->runController(Object(App\Controllers\Lapor))
 5 SYSTEMPATH\CodeIgniter.php(340): CodeIgniter\CodeIgniter->handleRequest(null, Object(Config\Cache), false)
 6 FCPATH\index.php(66): CodeIgniter\CodeIgniter->run()
CRITICAL - 2023-06-23 10:33:32 --> Attempt to read property "name" on null
in APPPATH\Helpers\lapor_helper.php on line 68.
 1 APPPATH\Helpers\lapor_helper.php(68): CodeIgniter\Debug\Exceptions->errorHandler(2, 'Attempt to read property "name" on null', 'APPPATH\\Helpers\\lapor_helper.php', 68)
 2 APPPATH\Controllers\Lapor.php(30): jurusan()
 3 SYSTEMPATH\CodeIgniter.php(904): App\Controllers\Lapor->data_admin()
 4 SYSTEMPATH\CodeIgniter.php(457): CodeIgniter\CodeIgniter->runController(Object(App\Controllers\Lapor))
 5 SYSTEMPATH\CodeIgniter.php(340): CodeIgniter\CodeIgniter->handleRequest(null, Object(Config\Cache), false)
 6 FCPATH\index.php(66): CodeIgniter\CodeIgniter->run()
CRITICAL - 2023-06-23 10:33:34 --> Attempt to read property "name" on null
in APPPATH\Helpers\lapor_helper.php on line 68.
 1 APPPATH\Helpers\lapor_helper.php(68): CodeIgniter\Debug\Exceptions->errorHandler(2, 'Attempt to read property "name" on null', 'APPPATH\\Helpers\\lapor_helper.php', 68)
 2 APPPATH\Controllers\Lapor.php(30): jurusan()
 3 SYSTEMPATH\CodeIgniter.php(904): App\Controllers\Lapor->data_admin()
 4 SYSTEMPATH\CodeIgniter.php(457): CodeIgniter\CodeIgniter->runController(Object(App\Controllers\Lapor))
 5 SYSTEMPATH\CodeIgniter.php(340): CodeIgniter\CodeIgniter->handleRequest(null, Object(Config\Cache), false)
 6 FCPATH\index.php(66): CodeIgniter\CodeIgniter->run()
CRITICAL - 2023-06-23 10:33:36 --> Attempt to read property "name" on null
in APPPATH\Helpers\lapor_helper.php on line 68.
 1 APPPATH\Helpers\lapor_helper.php(68): CodeIgniter\Debug\Exceptions->errorHandler(2, 'Attempt to read property "name" on null', 'APPPATH\\Helpers\\lapor_helper.php', 68)
 2 APPPATH\Controllers\Lapor.php(30): jurusan()
 3 SYSTEMPATH\CodeIgniter.php(904): App\Controllers\Lapor->data_admin()
 4 SYSTEMPATH\CodeIgniter.php(457): CodeIgniter\CodeIgniter->runController(Object(App\Controllers\Lapor))
 5 SYSTEMPATH\CodeIgniter.php(340): CodeIgniter\CodeIgniter->handleRequest(null, Object(Config\Cache), false)
 6 FCPATH\index.php(66): CodeIgniter\CodeIgniter->run()
CRITICAL - 2023-06-23 10:35:43 --> Attempt to read property "user_id" on null
in APPPATH\Controllers\Home.php on line 39.
 1 APPPATH\Controllers\Home.php(39): CodeIgniter\Debug\Exceptions->errorHandler(2, 'Attempt to read property "user_id" on null', 'APPPATH\\Controllers\\Home.php', 39)
 2 SYSTEMPATH\CodeIgniter.php(904): App\Controllers\Home->show()
 3 SYSTEMPATH\CodeIgniter.php(457): CodeIgniter\CodeIgniter->runController(Object(App\Controllers\Home))
 4 SYSTEMPATH\CodeIgniter.php(340): CodeIgniter\CodeIgniter->handleRequest(null, Object(Config\Cache), false)
 5 FCPATH\index.php(66): CodeIgniter\CodeIgniter->run()
CRITICAL - 2023-06-23 14:21:09 --> Attempt to read property "image" on null
in APPPATH\Views\layout\sidebar.php on line 13.
 1 APPPATH\Views\layout\sidebar.php(13): CodeIgniter\Debug\Exceptions->errorHandler(2, 'Attempt to read property "image" on null', 'APPPATH\\Views\\layout\\sidebar.php', 13)
 2 SYSTEMPATH\View\View.php(213): include('APPPATH\\Views\\layout\\sidebar.php')
 3 SYSTEMPATH\View\View.php(216): CodeIgniter\View\View->CodeIgniter\View\{closure}()
 4 SYSTEMPATH\View\View.php(429): CodeIgniter\View\View->render('layout/sidebar', null, true)
 5 APPPATH\Views\iframe.php(42): CodeIgniter\View\View->include('layout/sidebar')
 6 SYSTEMPATH\View\View.php(213): include('APPPATH\\Views\\iframe.php')
 7 SYSTEMPATH\View\View.php(216): CodeIgniter\View\View->CodeIgniter\View\{closure}()
 8 SYSTEMPATH\Common.php(1137): CodeIgniter\View\View->render('iframe', [], true)
 9 APPPATH\Controllers\User.php(136): view('iframe', [...])
10 SYSTEMPATH\CodeIgniter.php(904): App\Controllers\User->iframe()
11 SYSTEMPATH\CodeIgniter.php(457): CodeIgniter\CodeIgniter->runController(Object(App\Controllers\User))
12 SYSTEMPATH\CodeIgniter.php(340): CodeIgniter\CodeIgniter->handleRequest(null, Object(Config\Cache), false)
13 FCPATH\index.php(66): CodeIgniter\CodeIgniter->run()
CRITICAL - 2023-06-23 14:26:01 --> Attempt to read property "user_id" on null
in APPPATH\Controllers\Home.php on line 39.
 1 APPPATH\Controllers\Home.php(39): CodeIgniter\Debug\Exceptions->errorHandler(2, 'Attempt to read property "user_id" on null', 'APPPATH\\Controllers\\Home.php', 39)
 2 SYSTEMPATH\CodeIgniter.php(904): App\Controllers\Home->show()
 3 SYSTEMPATH\CodeIgniter.php(457): CodeIgniter\CodeIgniter->runController(Object(App\Controllers\Home))
 4 SYSTEMPATH\CodeIgniter.php(340): CodeIgniter\CodeIgniter->handleRequest(null, Object(Config\Cache), false)
 5 FCPATH\index.php(66): CodeIgniter\CodeIgniter->run()
