CRITICAL - 2023-06-12 22:49:53 --> Call to undefined function jurusan()
in FCPATH\vendor\myth\auth\src\Views\register.php on line 78.
 1 SYSTEMPATH\View\View.php(213): include()
 2 SYSTEMPATH\View\View.php(216): CodeIgniter\View\View->CodeIgniter\View\{closure}()
 3 SYSTEMPATH\Common.php(1137): CodeIgniter\View\View->render('Myth\\Auth\\Views\\register', [], true)
 4 FCPATH\vendor\myth\auth\src\Controllers\AuthController.php(479): view('Myth\\Auth\\Views\\register', [...])
 5 FCPATH\vendor\myth\auth\src\Controllers\AuthController.php(199): Myth\Auth\Controllers\AuthController->_render('Myth\\Auth\\Views\\register', [...])
 6 SYSTEMPATH\CodeIgniter.php(904): Myth\Auth\Controllers\AuthController->register()
 7 SYSTEMPATH\CodeIgniter.php(457): CodeIgniter\CodeIgniter->runController(Object(Myth\Auth\Controllers\AuthController))
 8 SYSTEMPATH\CodeIgniter.php(340): CodeIgniter\CodeIgniter->handleRequest(null, Object(Config\Cache), false)
 9 FCPATH\index.php(66): CodeIgniter\CodeIgniter->run()
CRITICAL - 2023-06-12 22:50:11 --> Call to undefined function jurusan()
in FCPATH\vendor\myth\auth\src\Views\register.php on line 78.
 1 SYSTEMPATH\View\View.php(213): include()
 2 SYSTEMPATH\View\View.php(216): CodeIgniter\View\View->CodeIgniter\View\{closure}()
 3 SYSTEMPATH\Common.php(1137): CodeIgniter\View\View->render('Myth\\Auth\\Views\\register', [], true)
 4 FCPATH\vendor\myth\auth\src\Controllers\AuthController.php(479): view('Myth\\Auth\\Views\\register', [...])
 5 FCPATH\vendor\myth\auth\src\Controllers\AuthController.php(199): Myth\Auth\Controllers\AuthController->_render('Myth\\Auth\\Views\\register', [...])
 6 SYSTEMPATH\CodeIgniter.php(904): Myth\Auth\Controllers\AuthController->register()
 7 SYSTEMPATH\CodeIgniter.php(457): CodeIgniter\CodeIgniter->runController(Object(Myth\Auth\Controllers\AuthController))
 8 SYSTEMPATH\CodeIgniter.php(340): CodeIgniter\CodeIgniter->handleRequest(null, Object(Config\Cache), false)
 9 FCPATH\index.php(66): CodeIgniter\CodeIgniter->run()
CRITICAL - 2023-06-12 22:51:42 --> Call to undefined function jurusan()
in FCPATH\vendor\myth\auth\src\Views\register.php on line 78.
 1 SYSTEMPATH\View\View.php(213): include()
 2 SYSTEMPATH\View\View.php(216): CodeIgniter\View\View->CodeIgniter\View\{closure}()
 3 SYSTEMPATH\Common.php(1137): CodeIgniter\View\View->render('Myth\\Auth\\Views\\register', [], true)
 4 FCPATH\vendor\myth\auth\src\Controllers\AuthController.php(486): view('Myth\\Auth\\Views\\register', [...])
 5 FCPATH\vendor\myth\auth\src\Controllers\AuthController.php(206): Myth\Auth\Controllers\AuthController->_render('Myth\\Auth\\Views\\register', [...])
 6 SYSTEMPATH\CodeIgniter.php(904): Myth\Auth\Controllers\AuthController->register()
 7 SYSTEMPATH\CodeIgniter.php(457): CodeIgniter\CodeIgniter->runController(Object(Myth\Auth\Controllers\AuthController))
 8 SYSTEMPATH\CodeIgniter.php(340): CodeIgniter\CodeIgniter->handleRequest(null, Object(Config\Cache), false)
 9 FCPATH\index.php(66): CodeIgniter\CodeIgniter->run()
ERROR - 2023-06-12 23:14:49 --> Email: sendWithSmtp throwed ErrorException: fsockopen(): php_network_getaddresses: getaddrinfo for mail.doiaja.com failed: No such host is known.  in C:\xampp\htdocs\lapor\vendor\codeigniter4\framework\system\Email\Email.php:1850
Stack trace:
#0 [internal function]: CodeIgniter\Debug\Exceptions->errorHandler(2, 'fsockopen(): ph...', 'C:\\xampp\\htdocs...', 1850)
#1 C:\xampp\htdocs\lapor\vendor\codeigniter4\framework\system\Email\Email.php(1850): fsockopen('mail.doiaja.com', 587, NULL, NULL, 60)
#2 C:\xampp\htdocs\lapor\vendor\codeigniter4\framework\system\Email\Email.php(1764): CodeIgniter\Email\Email->SMTPConnect()
#3 C:\xampp\htdocs\lapor\vendor\codeigniter4\framework\system\Email\Email.php(1654): CodeIgniter\Email\Email->sendWithSmtp()
#4 C:\xampp\htdocs\lapor\vendor\codeigniter4\framework\system\Email\Email.php(1552): CodeIgniter\Email\Email->spoolEmail()
#5 C:\xampp\htdocs\lapor\vendor\myth\auth\src\Authentication\Activators\EmailActivator.php(32): CodeIgniter\Email\Email->send()
#6 C:\xampp\htdocs\lapor\vendor\myth\auth\src\Controllers\AuthController.php(258): Myth\Auth\Authentication\Activators\EmailActivator->send(Object(Myth\Auth\Entities\User))
#7 C:\xampp\htdocs\lapor\vendor\codeigniter4\framework\system\CodeIgniter.php(904): Myth\Auth\Controllers\AuthController->attemptRegister()
#8 C:\xampp\htdocs\lapor\vendor\codeigniter4\framework\system\CodeIgniter.php(457): CodeIgniter\CodeIgniter->runController(Object(Myth\Auth\Controllers\AuthController))
#9 C:\xampp\htdocs\lapor\vendor\codeigniter4\framework\system\CodeIgniter.php(340): CodeIgniter\CodeIgniter->handleRequest(NULL, Object(Config\Cache), false)
#10 C:\xampp\htdocs\lapor\index.php(66): CodeIgniter\CodeIgniter->run()
#11 {main}
