CRITICAL - 2022-12-26 13:15:31 --> explode(): Passing null to parameter #2 ($string) of type string is deprecated
in APPPATH\Controllers\Acc.php on line 160.
 1 [internal function]: CodeIgniter\Debug\Exceptions->errorHandler(8192, 'explode(): Passing null to parameter #2 ($string) of type string is deprecated', 'APPPATH\\Controllers\\Acc.php', 160)
 2 APPPATH\Controllers\Acc.php(160): explode('_', null)
 3 SYSTEMPATH\CodeIgniter.php(904): App\Controllers\Acc->edit(null, '006_API_WEB-CRB_12_22')
 4 SYSTEMPATH\CodeIgniter.php(457): CodeIgniter\CodeIgniter->runController(Object(App\Controllers\Acc))
 5 SYSTEMPATH\CodeIgniter.php(340): CodeIgniter\CodeIgniter->handleRequest(null, Object(Config\Cache), false)
 6 FCPATH\index.php(67): CodeIgniter\CodeIgniter->run()
CRITICAL - 2022-12-26 13:17:41 --> explode(): Passing null to parameter #2 ($string) of type string is deprecated
in APPPATH\Controllers\Acc.php on line 160.
 1 [internal function]: CodeIgniter\Debug\Exceptions->errorHandler(8192, 'explode(): Passing null to parameter #2 ($string) of type string is deprecated', 'APPPATH\\Controllers\\Acc.php', 160)
 2 APPPATH\Controllers\Acc.php(160): explode('_', null)
 3 SYSTEMPATH\CodeIgniter.php(904): App\Controllers\Acc->edit(null, '006_API_WEB-CRB_12_22')
 4 SYSTEMPATH\CodeIgniter.php(457): CodeIgniter\CodeIgniter->runController(Object(App\Controllers\Acc))
 5 SYSTEMPATH\CodeIgniter.php(340): CodeIgniter\CodeIgniter->handleRequest(null, Object(Config\Cache), false)
 6 FCPATH\index.php(67): CodeIgniter\CodeIgniter->run()
CRITICAL - 2022-12-26 13:17:44 --> explode(): Passing null to parameter #2 ($string) of type string is deprecated
in APPPATH\Controllers\Acc.php on line 160.
 1 [internal function]: CodeIgniter\Debug\Exceptions->errorHandler(8192, 'explode(): Passing null to parameter #2 ($string) of type string is deprecated', 'APPPATH\\Controllers\\Acc.php', 160)
 2 APPPATH\Controllers\Acc.php(160): explode('_', null)
 3 SYSTEMPATH\CodeIgniter.php(904): App\Controllers\Acc->edit(null, '006_API_WEB-CRB_12_22')
 4 SYSTEMPATH\CodeIgniter.php(457): CodeIgniter\CodeIgniter->runController(Object(App\Controllers\Acc))
 5 SYSTEMPATH\CodeIgniter.php(340): CodeIgniter\CodeIgniter->handleRequest(null, Object(Config\Cache), false)
 6 FCPATH\index.php(67): CodeIgniter\CodeIgniter->run()
CRITICAL - 2022-12-26 13:45:00 --> explode(): Passing null to parameter #2 ($string) of type string is deprecated
in APPPATH\Controllers\Acc.php on line 160.
 1 [internal function]: CodeIgniter\Debug\Exceptions->errorHandler(8192, 'explode(): Passing null to parameter #2 ($string) of type string is deprecated', 'APPPATH\\Controllers\\Acc.php', 160)
 2 APPPATH\Controllers\Acc.php(160): explode('_', null)
 3 SYSTEMPATH\CodeIgniter.php(904): App\Controllers\Acc->edit(null, '008_API_WEB-CRB_12_22')
 4 SYSTEMPATH\CodeIgniter.php(457): CodeIgniter\CodeIgniter->runController(Object(App\Controllers\Acc))
 5 SYSTEMPATH\CodeIgniter.php(340): CodeIgniter\CodeIgniter->handleRequest(null, Object(Config\Cache), false)
 6 FCPATH\index.php(67): CodeIgniter\CodeIgniter->run()
CRITICAL - 2022-12-26 13:45:13 --> explode(): Passing null to parameter #2 ($string) of type string is deprecated
in APPPATH\Controllers\Acc.php on line 160.
 1 [internal function]: CodeIgniter\Debug\Exceptions->errorHandler(8192, 'explode(): Passing null to parameter #2 ($string) of type string is deprecated', 'APPPATH\\Controllers\\Acc.php', 160)
 2 APPPATH\Controllers\Acc.php(160): explode('_', null)
 3 SYSTEMPATH\CodeIgniter.php(904): App\Controllers\Acc->edit(null, '008_API_WEB-CRB_12_22')
 4 SYSTEMPATH\CodeIgniter.php(457): CodeIgniter\CodeIgniter->runController(Object(App\Controllers\Acc))
 5 SYSTEMPATH\CodeIgniter.php(340): CodeIgniter\CodeIgniter->handleRequest(null, Object(Config\Cache), false)
 6 FCPATH\index.php(67): CodeIgniter\CodeIgniter->run()
