CRITICAL - 2023-06-07 20:18:05 --> Call to undefined function App\Controllers\addlog()
in APPPATH\Controllers\Admin.php on line 84.
 1 SYSTEMPATH\CodeIgniter.php(904): App\Controllers\Admin->change_role_user()
 2 SYSTEMPATH\CodeIgniter.php(457): CodeIgniter\CodeIgniter->runController(Object(App\Controllers\Admin))
 3 SYSTEMPATH\CodeIgniter.php(340): CodeIgniter\CodeIgniter->handleRequest(null, Object(Config\Cache), false)
 4 FCPATH\index.php(66): CodeIgniter\CodeIgniter->run()
CRITICAL - 2023-06-07 20:24:09 --> Call to undefined function App\Controllers\addlog()
in APPPATH\Controllers\Admin.php on line 396.
 1 SYSTEMPATH\CodeIgniter.php(904): App\Controllers\Admin->change_role_perm()
 2 SYSTEMPATH\CodeIgniter.php(457): CodeIgniter\CodeIgniter->runController(Object(App\Controllers\Admin))
 3 SYSTEMPATH\CodeIgniter.php(340): CodeIgniter\CodeIgniter->handleRequest(null, Object(Config\Cache), false)
 4 FCPATH\index.php(66): CodeIgniter\CodeIgniter->run()
CRITICAL - 2023-06-07 20:24:20 --> Call to undefined function App\Controllers\addlog()
in APPPATH\Controllers\Admin.php on line 392.
 1 SYSTEMPATH\CodeIgniter.php(904): App\Controllers\Admin->change_role_perm()
 2 SYSTEMPATH\CodeIgniter.php(457): CodeIgniter\CodeIgniter->runController(Object(App\Controllers\Admin))
 3 SYSTEMPATH\CodeIgniter.php(340): CodeIgniter\CodeIgniter->handleRequest(null, Object(Config\Cache), false)
 4 FCPATH\index.php(66): CodeIgniter\CodeIgniter->run()
CRITICAL - 2023-06-07 20:24:22 --> Call to undefined function App\Controllers\addlog()
in APPPATH\Controllers\Admin.php on line 392.
 1 SYSTEMPATH\CodeIgniter.php(904): App\Controllers\Admin->change_role_perm()
 2 SYSTEMPATH\CodeIgniter.php(457): CodeIgniter\CodeIgniter->runController(Object(App\Controllers\Admin))
 3 SYSTEMPATH\CodeIgniter.php(340): CodeIgniter\CodeIgniter->handleRequest(null, Object(Config\Cache), false)
 4 FCPATH\index.php(66): CodeIgniter\CodeIgniter->run()
CRITICAL - 2023-06-07 20:24:25 --> Call to undefined function App\Controllers\addlog()
in APPPATH\Controllers\Admin.php on line 392.
 1 SYSTEMPATH\CodeIgniter.php(904): App\Controllers\Admin->change_role_perm()
 2 SYSTEMPATH\CodeIgniter.php(457): CodeIgniter\CodeIgniter->runController(Object(App\Controllers\Admin))
 3 SYSTEMPATH\CodeIgniter.php(340): CodeIgniter\CodeIgniter->handleRequest(null, Object(Config\Cache), false)
 4 FCPATH\index.php(66): CodeIgniter\CodeIgniter->run()
