ERROR - 2023-01-01 14:47:05 --> mysqli_sql_exception: Table 'claim.tblog' doesn't exist in C:\xampp\htdocs\claim\vendor\codeigniter4\framework\system\Database\MySQLi\Connection.php:293
Stack trace:
#0 C:\xampp\htdocs\claim\vendor\codeigniter4\framework\system\Database\MySQLi\Connection.php(293): mysqli->query('INSERT INTO `tb...', 0)
#1 C:\xampp\htdocs\claim\vendor\codeigniter4\framework\system\Database\BaseConnection.php(694): CodeIgniter\Database\MySQLi\Connection->execute('INSERT INTO `tb...')
#2 C:\xampp\htdocs\claim\vendor\codeigniter4\framework\system\Database\BaseConnection.php(621): CodeIgniter\Database\BaseConnection->simpleQuery('INSERT INTO `tb...')
#3 C:\xampp\htdocs\claim\vendor\codeigniter4\framework\system\Database\BaseBuilder.php(1916): CodeIgniter\Database\BaseConnection->query('INSERT INTO `tb...', Array, false)
#4 C:\xampp\htdocs\claim\app\Helpers\api_helper.php(640): CodeIgniter\Database\BaseBuilder->insert(Array)
#5 C:\xampp\htdocs\claim\app\Controllers\Acc.php(451): addlog('tbdn', 'UPDATE', '::1', 'noklaim', '039/API/ADM-IDR...', Object(stdClass))
#6 C:\xampp\htdocs\claim\vendor\codeigniter4\framework\system\CodeIgniter.php(904): App\Controllers\Acc->real_store()
#7 C:\xampp\htdocs\claim\vendor\codeigniter4\framework\system\CodeIgniter.php(457): CodeIgniter\CodeIgniter->runController(Object(App\Controllers\Acc))
#8 C:\xampp\htdocs\claim\vendor\codeigniter4\framework\system\CodeIgniter.php(340): CodeIgniter\CodeIgniter->handleRequest(NULL, Object(Config\Cache), false)
#9 C:\xampp\htdocs\claim\index.php(67): CodeIgniter\CodeIgniter->run()
#10 {main}
CRITICAL - 2023-01-01 14:47:05 --> Table 'claim.tblog' doesn't exist
in SYSTEMPATH\Database\MySQLi\Connection.php on line 293.
 1 SYSTEMPATH\Database\MySQLi\Connection.php(293): mysqli->query('INSERT INTO `tblog` (`nomor`, `table`, `jenis`, `ip`, `tgl`, `ket`) VALUES (\'039/API/ADM-IDR/04/21\', \'tbdn\', \'UPDATE\', \'::1\', \'2023-01-01 14:47:05 oleh idapi001\', \'UPDATE dari : 039/API/ADM-IDR/04/21,24,01,2022-09-22,0446/DN/API/05/21,2022-09-22,,,2022-09-22,0017,E02,5304519,0,0,5304519,0,0.00,0,     5304519,,4,,,,,,,, : menjadi : 039/API/ADM-IDR/04/21,24,01,2022-09-22,0446/DN/API/05/21,2022-09-22,,,2022-09-22,0017,E02,5304519,0,0,5304519,0,0.00,0,     5304519,,4,,,,,0,,2023-01-01;idapi001,\')', 0)
 2 SYSTEMPATH\Database\BaseConnection.php(694): CodeIgniter\Database\MySQLi\Connection->execute('INSERT INTO `tblog` (`nomor`, `table`, `jenis`, `ip`, `tgl`, `ket`) VALUES (\'039/API/ADM-IDR/04/21\', \'tbdn\', \'UPDATE\', \'::1\', \'2023-01-01 14:47:05 oleh idapi001\', \'UPDATE dari : 039/API/ADM-IDR/04/21,24,01,2022-09-22,0446/DN/API/05/21,2022-09-22,,,2022-09-22,0017,E02,5304519,0,0,5304519,0,0.00,0,     5304519,,4,,,,,,,, : menjadi : 039/API/ADM-IDR/04/21,24,01,2022-09-22,0446/DN/API/05/21,2022-09-22,,,2022-09-22,0017,E02,5304519,0,0,5304519,0,0.00,0,     5304519,,4,,,,,0,,2023-01-01;idapi001,\')')
 3 SYSTEMPATH\Database\BaseConnection.php(621): CodeIgniter\Database\BaseConnection->simpleQuery('INSERT INTO `tblog` (`nomor`, `table`, `jenis`, `ip`, `tgl`, `ket`) VALUES (\'039/API/ADM-IDR/04/21\', \'tbdn\', \'UPDATE\', \'::1\', \'2023-01-01 14:47:05 oleh idapi001\', \'UPDATE dari : 039/API/ADM-IDR/04/21,24,01,2022-09-22,0446/DN/API/05/21,2022-09-22,,,2022-09-22,0017,E02,5304519,0,0,5304519,0,0.00,0,     5304519,,4,,,,,,,, : menjadi : 039/API/ADM-IDR/04/21,24,01,2022-09-22,0446/DN/API/05/21,2022-09-22,,,2022-09-22,0017,E02,5304519,0,0,5304519,0,0.00,0,     5304519,,4,,,,,0,,2023-01-01;idapi001,\')')
 4 SYSTEMPATH\Database\BaseBuilder.php(1916): CodeIgniter\Database\BaseConnection->query('INSERT INTO `tblog` (`nomor`, `table`, `jenis`, `ip`, `tgl`, `ket`) VALUES (:nomor:, :table:, :jenis:, :ip:, :tgl:, :ket:)', [...], false)
 5 APPPATH\Helpers\api_helper.php(640): CodeIgniter\Database\BaseBuilder->insert([...])
 6 APPPATH\Controllers\Acc.php(451): addlog('tbdn', 'UPDATE', '::1', 'noklaim', '039/API/ADM-IDR/04/21', Object(stdClass))
 7 SYSTEMPATH\CodeIgniter.php(904): App\Controllers\Acc->real_store()
 8 SYSTEMPATH\CodeIgniter.php(457): CodeIgniter\CodeIgniter->runController(Object(App\Controllers\Acc))
 9 SYSTEMPATH\CodeIgniter.php(340): CodeIgniter\CodeIgniter->handleRequest(null, Object(Config\Cache), false)
10 FCPATH\index.php(67): CodeIgniter\CodeIgniter->run()
ERROR - 2023-01-01 14:48:30 --> mysqli_sql_exception: Duplicate entry 'tes-0446/DN/AP' for key 'PRIMARY' in C:\xampp\htdocs\claim\vendor\codeigniter4\framework\system\Database\MySQLi\Connection.php:293
Stack trace:
#0 C:\xampp\htdocs\claim\vendor\codeigniter4\framework\system\Database\MySQLi\Connection.php(293): mysqli->query('INSERT INTO `tb...', 0)
#1 C:\xampp\htdocs\claim\vendor\codeigniter4\framework\system\Database\BaseConnection.php(694): CodeIgniter\Database\MySQLi\Connection->execute('INSERT INTO `tb...')
#2 C:\xampp\htdocs\claim\vendor\codeigniter4\framework\system\Database\BaseConnection.php(621): CodeIgniter\Database\BaseConnection->simpleQuery('INSERT INTO `tb...')
#3 C:\xampp\htdocs\claim\vendor\codeigniter4\framework\system\Database\BaseBuilder.php(1916): CodeIgniter\Database\BaseConnection->query('INSERT INTO `tb...', Array, false)
#4 C:\xampp\htdocs\claim\app\Controllers\Acc.php(439): CodeIgniter\Database\BaseBuilder->insert(Array)
#5 C:\xampp\htdocs\claim\vendor\codeigniter4\framework\system\CodeIgniter.php(904): App\Controllers\Acc->real_store()
#6 C:\xampp\htdocs\claim\vendor\codeigniter4\framework\system\CodeIgniter.php(457): CodeIgniter\CodeIgniter->runController(Object(App\Controllers\Acc))
#7 C:\xampp\htdocs\claim\vendor\codeigniter4\framework\system\CodeIgniter.php(340): CodeIgniter\CodeIgniter->handleRequest(NULL, Object(Config\Cache), false)
#8 C:\xampp\htdocs\claim\index.php(67): CodeIgniter\CodeIgniter->run()
#9 {main}
CRITICAL - 2023-01-01 14:48:30 --> Duplicate entry 'tes-0446/DN/AP' for key 'PRIMARY'
in SYSTEMPATH\Database\MySQLi\Connection.php on line 293.
 1 SYSTEMPATH\Database\MySQLi\Connection.php(293): mysqli->query('INSERT INTO `tbreal` (`noklaim`, `nodn`, `tglreal`, `noreal`, `jumlah`, `qty1`, `qty2`, `nofin`, `jns_plnsn`, `inputby`) VALUES (\'039/API/ADM-IDR/04/21\', \'0446/DN/API/05/21\', \'2023-01-01\', \'tes\', \'5200000\', \'0\', \'0\', \'\', \'Pembayaran Oleh Supplier\', \'2023-01-01;idapi001\')', 0)
 2 SYSTEMPATH\Database\BaseConnection.php(694): CodeIgniter\Database\MySQLi\Connection->execute('INSERT INTO `tbreal` (`noklaim`, `nodn`, `tglreal`, `noreal`, `jumlah`, `qty1`, `qty2`, `nofin`, `jns_plnsn`, `inputby`) VALUES (\'039/API/ADM-IDR/04/21\', \'0446/DN/API/05/21\', \'2023-01-01\', \'tes\', \'5200000\', \'0\', \'0\', \'\', \'Pembayaran Oleh Supplier\', \'2023-01-01;idapi001\')')
 3 SYSTEMPATH\Database\BaseConnection.php(621): CodeIgniter\Database\BaseConnection->simpleQuery('INSERT INTO `tbreal` (`noklaim`, `nodn`, `tglreal`, `noreal`, `jumlah`, `qty1`, `qty2`, `nofin`, `jns_plnsn`, `inputby`) VALUES (\'039/API/ADM-IDR/04/21\', \'0446/DN/API/05/21\', \'2023-01-01\', \'tes\', \'5200000\', \'0\', \'0\', \'\', \'Pembayaran Oleh Supplier\', \'2023-01-01;idapi001\')')
 4 SYSTEMPATH\Database\BaseBuilder.php(1916): CodeIgniter\Database\BaseConnection->query('INSERT INTO `tbreal` (`noklaim`, `nodn`, `tglreal`, `noreal`, `jumlah`, `qty1`, `qty2`, `nofin`, `jns_plnsn`, `inputby`) VALUES (:noklaim:, :nodn:, :tglreal:, :noreal:, :jumlah:, :qty1:, :qty2:, :nofin:, :jns_plnsn:, :inputby:)', [...], false)
 5 APPPATH\Controllers\Acc.php(439): CodeIgniter\Database\BaseBuilder->insert([...])
 6 SYSTEMPATH\CodeIgniter.php(904): App\Controllers\Acc->real_store()
 7 SYSTEMPATH\CodeIgniter.php(457): CodeIgniter\CodeIgniter->runController(Object(App\Controllers\Acc))
 8 SYSTEMPATH\CodeIgniter.php(340): CodeIgniter\CodeIgniter->handleRequest(null, Object(Config\Cache), false)
 9 FCPATH\index.php(67): CodeIgniter\CodeIgniter->run()
ERROR - 2023-01-01 14:49:25 --> mysqli_sql_exception: Duplicate entry '039/API/ADM-IDR/04/21' for key 'PRIMARY' in C:\xampp\htdocs\claim\vendor\codeigniter4\framework\system\Database\MySQLi\Connection.php:293
Stack trace:
#0 C:\xampp\htdocs\claim\vendor\codeigniter4\framework\system\Database\MySQLi\Connection.php(293): mysqli->query('INSERT INTO `tb...', 0)
#1 C:\xampp\htdocs\claim\vendor\codeigniter4\framework\system\Database\BaseConnection.php(694): CodeIgniter\Database\MySQLi\Connection->execute('INSERT INTO `tb...')
#2 C:\xampp\htdocs\claim\vendor\codeigniter4\framework\system\Database\BaseConnection.php(621): CodeIgniter\Database\BaseConnection->simpleQuery('INSERT INTO `tb...')
#3 C:\xampp\htdocs\claim\vendor\codeigniter4\framework\system\Database\BaseBuilder.php(1916): CodeIgniter\Database\BaseConnection->query('INSERT INTO `tb...', Array, false)
#4 C:\xampp\htdocs\claim\app\Controllers\Acc.php(345): CodeIgniter\Database\BaseBuilder->insert(Array)
#5 C:\xampp\htdocs\claim\vendor\codeigniter4\framework\system\CodeIgniter.php(904): App\Controllers\Acc->real_store()
#6 C:\xampp\htdocs\claim\vendor\codeigniter4\framework\system\CodeIgniter.php(457): CodeIgniter\CodeIgniter->runController(Object(App\Controllers\Acc))
#7 C:\xampp\htdocs\claim\vendor\codeigniter4\framework\system\CodeIgniter.php(340): CodeIgniter\CodeIgniter->handleRequest(NULL, Object(Config\Cache), false)
#8 C:\xampp\htdocs\claim\index.php(67): CodeIgniter\CodeIgniter->run()
#9 {main}
CRITICAL - 2023-01-01 14:49:25 --> Duplicate entry '039/API/ADM-IDR/04/21' for key 'PRIMARY'
in SYSTEMPATH\Database\MySQLi\Connection.php on line 293.
 1 SYSTEMPATH\Database\MySQLi\Connection.php(293): mysqli->query('INSERT INTO `tbadj` (`noklaim`, `nodn`, `kdsp`, `adj`, `qty1`, `qty2`, `tgladj`, `inputby`) VALUES (\'039/API/ADM-IDR/04/21\', \'0446/DN/API/05/21\', \'24\', 395481, 0, 0, \'2023-01-01 14:49:25\', \'2023-01-01;idapi001\')', 0)
 2 SYSTEMPATH\Database\BaseConnection.php(694): CodeIgniter\Database\MySQLi\Connection->execute('INSERT INTO `tbadj` (`noklaim`, `nodn`, `kdsp`, `adj`, `qty1`, `qty2`, `tgladj`, `inputby`) VALUES (\'039/API/ADM-IDR/04/21\', \'0446/DN/API/05/21\', \'24\', 395481, 0, 0, \'2023-01-01 14:49:25\', \'2023-01-01;idapi001\')')
 3 SYSTEMPATH\Database\BaseConnection.php(621): CodeIgniter\Database\BaseConnection->simpleQuery('INSERT INTO `tbadj` (`noklaim`, `nodn`, `kdsp`, `adj`, `qty1`, `qty2`, `tgladj`, `inputby`) VALUES (\'039/API/ADM-IDR/04/21\', \'0446/DN/API/05/21\', \'24\', 395481, 0, 0, \'2023-01-01 14:49:25\', \'2023-01-01;idapi001\')')
 4 SYSTEMPATH\Database\BaseBuilder.php(1916): CodeIgniter\Database\BaseConnection->query('INSERT INTO `tbadj` (`noklaim`, `nodn`, `kdsp`, `adj`, `qty1`, `qty2`, `tgladj`, `inputby`) VALUES (:noklaim:, :nodn:, :kdsp:, :adj:, :qty1:, :qty2:, :tgladj:, :inputby:)', [...], false)
 5 APPPATH\Controllers\Acc.php(345): CodeIgniter\Database\BaseBuilder->insert([...])
 6 SYSTEMPATH\CodeIgniter.php(904): App\Controllers\Acc->real_store()
 7 SYSTEMPATH\CodeIgniter.php(457): CodeIgniter\CodeIgniter->runController(Object(App\Controllers\Acc))
 8 SYSTEMPATH\CodeIgniter.php(340): CodeIgniter\CodeIgniter->handleRequest(null, Object(Config\Cache), false)
 9 FCPATH\index.php(67): CodeIgniter\CodeIgniter->run()
CRITICAL - 2023-01-01 15:43:51 --> A non-numeric value encountered
in APPPATH\Helpers\api_helper.php on line 339.
 1 APPPATH\Helpers\api_helper.php(339): CodeIgniter\Debug\Exceptions->errorHandler(2, 'A non-numeric value encountered', 'APPPATH\\Helpers\\api_helper.php', 339)
 2 APPPATH\Views\layout\dashboard.php(1351): getno3()
 3 SYSTEMPATH\View\View.php(213): include('APPPATH\\Views\\layout\\dashboard.php')
 4 SYSTEMPATH\View\View.php(216): CodeIgniter\View\View->CodeIgniter\View\{closure}()
 5 SYSTEMPATH\View\View.php(229): CodeIgniter\View\View->render('layout/dashboard', [], true)
 6 SYSTEMPATH\Common.php(1137): CodeIgniter\View\View->render('adminjbr/complete', [], true)
 7 APPPATH\Controllers\AdminJbr.php(447): view('adminjbr/complete', [...])
 8 SYSTEMPATH\CodeIgniter.php(904): App\Controllers\AdminJbr->complete('002_API_WEB-CRB_01_23')
 9 SYSTEMPATH\CodeIgniter.php(457): CodeIgniter\CodeIgniter->runController(Object(App\Controllers\AdminJbr))
10 SYSTEMPATH\CodeIgniter.php(340): CodeIgniter\CodeIgniter->handleRequest(null, Object(Config\Cache), false)
11 FCPATH\index.php(67): CodeIgniter\CodeIgniter->run()
CRITICAL - 2023-01-01 15:44:23 --> A non-numeric value encountered
in APPPATH\Helpers\api_helper.php on line 339.
 1 APPPATH\Helpers\api_helper.php(339): CodeIgniter\Debug\Exceptions->errorHandler(2, 'A non-numeric value encountered', 'APPPATH\\Helpers\\api_helper.php', 339)
 2 APPPATH\Views\layout\dashboard.php(1351): getno3()
 3 SYSTEMPATH\View\View.php(213): include('APPPATH\\Views\\layout\\dashboard.php')
 4 SYSTEMPATH\View\View.php(216): CodeIgniter\View\View->CodeIgniter\View\{closure}()
 5 SYSTEMPATH\View\View.php(229): CodeIgniter\View\View->render('layout/dashboard', [], true)
 6 SYSTEMPATH\Common.php(1137): CodeIgniter\View\View->render('adminjbr/complete', [], true)
 7 APPPATH\Controllers\AdminJbr.php(447): view('adminjbr/complete', [...])
 8 SYSTEMPATH\CodeIgniter.php(904): App\Controllers\AdminJbr->complete('002_API_WEB-CRB_01_23')
 9 SYSTEMPATH\CodeIgniter.php(457): CodeIgniter\CodeIgniter->runController(Object(App\Controllers\AdminJbr))
10 SYSTEMPATH\CodeIgniter.php(340): CodeIgniter\CodeIgniter->handleRequest(null, Object(Config\Cache), false)
11 FCPATH\index.php(67): CodeIgniter\CodeIgniter->run()
CRITICAL - 2023-01-01 15:44:28 --> A non-numeric value encountered
in APPPATH\Helpers\api_helper.php on line 339.
 1 APPPATH\Helpers\api_helper.php(339): CodeIgniter\Debug\Exceptions->errorHandler(2, 'A non-numeric value encountered', 'APPPATH\\Helpers\\api_helper.php', 339)
 2 APPPATH\Views\layout\dashboard.php(1351): getno3()
 3 SYSTEMPATH\View\View.php(213): include('APPPATH\\Views\\layout\\dashboard.php')
 4 SYSTEMPATH\View\View.php(216): CodeIgniter\View\View->CodeIgniter\View\{closure}()
 5 SYSTEMPATH\View\View.php(229): CodeIgniter\View\View->render('layout/dashboard', [], true)
 6 SYSTEMPATH\Common.php(1137): CodeIgniter\View\View->render('adminjbr/complete', [], true)
 7 APPPATH\Controllers\AdminJbr.php(447): view('adminjbr/complete', [...])
 8 SYSTEMPATH\CodeIgniter.php(904): App\Controllers\AdminJbr->complete('002_API_WEB-CRB_01_23')
 9 SYSTEMPATH\CodeIgniter.php(457): CodeIgniter\CodeIgniter->runController(Object(App\Controllers\AdminJbr))
10 SYSTEMPATH\CodeIgniter.php(340): CodeIgniter\CodeIgniter->handleRequest(null, Object(Config\Cache), false)
11 FCPATH\index.php(67): CodeIgniter\CodeIgniter->run()
CRITICAL - 2023-01-01 15:52:36 --> A non-numeric value encountered
in APPPATH\Helpers\api_helper.php on line 339.
 1 APPPATH\Helpers\api_helper.php(339): CodeIgniter\Debug\Exceptions->errorHandler(2, 'A non-numeric value encountered', 'APPPATH\\Helpers\\api_helper.php', 339)
 2 APPPATH\Views\layout\dashboard.php(1351): getno3()
 3 SYSTEMPATH\View\View.php(213): include('APPPATH\\Views\\layout\\dashboard.php')
 4 SYSTEMPATH\View\View.php(216): CodeIgniter\View\View->CodeIgniter\View\{closure}()
 5 SYSTEMPATH\View\View.php(229): CodeIgniter\View\View->render('layout/dashboard', [], true)
 6 SYSTEMPATH\Common.php(1137): CodeIgniter\View\View->render('adminjbr/complete', [], true)
 7 APPPATH\Controllers\AdminJbr.php(447): view('adminjbr/complete', [...])
 8 SYSTEMPATH\CodeIgniter.php(904): App\Controllers\AdminJbr->complete('001_API_BG-JKT_01_23')
 9 SYSTEMPATH\CodeIgniter.php(457): CodeIgniter\CodeIgniter->runController(Object(App\Controllers\AdminJbr))
10 SYSTEMPATH\CodeIgniter.php(340): CodeIgniter\CodeIgniter->handleRequest(null, Object(Config\Cache), false)
11 FCPATH\index.php(67): CodeIgniter\CodeIgniter->run()
CRITICAL - 2023-01-01 15:53:31 --> A non-numeric value encountered
in APPPATH\Helpers\api_helper.php on line 339.
 1 APPPATH\Helpers\api_helper.php(339): CodeIgniter\Debug\Exceptions->errorHandler(2, 'A non-numeric value encountered', 'APPPATH\\Helpers\\api_helper.php', 339)
 2 APPPATH\Views\layout\dashboard.php(1351): getno3()
 3 SYSTEMPATH\View\View.php(213): include('APPPATH\\Views\\layout\\dashboard.php')
 4 SYSTEMPATH\View\View.php(216): CodeIgniter\View\View->CodeIgniter\View\{closure}()
 5 SYSTEMPATH\View\View.php(229): CodeIgniter\View\View->render('layout/dashboard', [], true)
 6 SYSTEMPATH\Common.php(1137): CodeIgniter\View\View->render('adminjbr/complete', [], true)
 7 APPPATH\Controllers\AdminJbr.php(447): view('adminjbr/complete', [...])
 8 SYSTEMPATH\CodeIgniter.php(904): App\Controllers\AdminJbr->complete('001_API_BG-JKT_01_23')
 9 SYSTEMPATH\CodeIgniter.php(457): CodeIgniter\CodeIgniter->runController(Object(App\Controllers\AdminJbr))
10 SYSTEMPATH\CodeIgniter.php(340): CodeIgniter\CodeIgniter->handleRequest(null, Object(Config\Cache), false)
11 FCPATH\index.php(67): CodeIgniter\CodeIgniter->run()
CRITICAL - 2023-01-01 16:32:38 --> A non-numeric value encountered
in APPPATH\Helpers\api_helper.php on line 339.
 1 APPPATH\Helpers\api_helper.php(339): CodeIgniter\Debug\Exceptions->errorHandler(2, 'A non-numeric value encountered', 'APPPATH\\Helpers\\api_helper.php', 339)
 2 APPPATH\Views\layout\dashboard.php(1351): getno3()
 3 SYSTEMPATH\View\View.php(213): include('APPPATH\\Views\\layout\\dashboard.php')
 4 SYSTEMPATH\View\View.php(216): CodeIgniter\View\View->CodeIgniter\View\{closure}()
 5 SYSTEMPATH\View\View.php(229): CodeIgniter\View\View->render('layout/dashboard', [], true)
 6 SYSTEMPATH\Common.php(1137): CodeIgniter\View\View->render('adminjbr/complete', [], true)
 7 APPPATH\Controllers\AdminJbr.php(447): view('adminjbr/complete', [...])
 8 SYSTEMPATH\CodeIgniter.php(904): App\Controllers\AdminJbr->complete()
 9 SYSTEMPATH\CodeIgniter.php(457): CodeIgniter\CodeIgniter->runController(Object(App\Controllers\AdminJbr))
10 SYSTEMPATH\CodeIgniter.php(340): CodeIgniter\CodeIgniter->handleRequest(null, Object(Config\Cache), false)
11 FCPATH\index.php(67): CodeIgniter\CodeIgniter->run()
CRITICAL - 2023-01-01 16:32:39 --> A non-numeric value encountered
in APPPATH\Helpers\api_helper.php on line 339.
 1 APPPATH\Helpers\api_helper.php(339): CodeIgniter\Debug\Exceptions->errorHandler(2, 'A non-numeric value encountered', 'APPPATH\\Helpers\\api_helper.php', 339)
 2 APPPATH\Views\layout\dashboard.php(1351): getno3()
 3 SYSTEMPATH\View\View.php(213): include('APPPATH\\Views\\layout\\dashboard.php')
 4 SYSTEMPATH\View\View.php(216): CodeIgniter\View\View->CodeIgniter\View\{closure}()
 5 SYSTEMPATH\View\View.php(229): CodeIgniter\View\View->render('layout/dashboard', [], true)
 6 SYSTEMPATH\Common.php(1137): CodeIgniter\View\View->render('adminjbr/complete', [], true)
 7 APPPATH\Controllers\AdminJbr.php(447): view('adminjbr/complete', [...])
 8 SYSTEMPATH\CodeIgniter.php(904): App\Controllers\AdminJbr->complete()
 9 SYSTEMPATH\CodeIgniter.php(457): CodeIgniter\CodeIgniter->runController(Object(App\Controllers\AdminJbr))
10 SYSTEMPATH\CodeIgniter.php(340): CodeIgniter\CodeIgniter->handleRequest(null, Object(Config\Cache), false)
11 FCPATH\index.php(67): CodeIgniter\CodeIgniter->run()
CRITICAL - 2023-01-01 16:32:43 --> A non-numeric value encountered
in APPPATH\Helpers\api_helper.php on line 339.
 1 APPPATH\Helpers\api_helper.php(339): CodeIgniter\Debug\Exceptions->errorHandler(2, 'A non-numeric value encountered', 'APPPATH\\Helpers\\api_helper.php', 339)
 2 APPPATH\Views\layout\dashboard.php(1351): getno3()
 3 SYSTEMPATH\View\View.php(213): include('APPPATH\\Views\\layout\\dashboard.php')
 4 SYSTEMPATH\View\View.php(216): CodeIgniter\View\View->CodeIgniter\View\{closure}()
 5 SYSTEMPATH\View\View.php(229): CodeIgniter\View\View->render('layout/dashboard', [], true)
 6 SYSTEMPATH\Common.php(1137): CodeIgniter\View\View->render('adminjbr/index', [], true)
 7 APPPATH\Controllers\AdminJbr.php(31): view('adminjbr/index', [...])
 8 SYSTEMPATH\CodeIgniter.php(904): App\Controllers\AdminJbr->index()
 9 SYSTEMPATH\CodeIgniter.php(457): CodeIgniter\CodeIgniter->runController(Object(App\Controllers\AdminJbr))
10 SYSTEMPATH\CodeIgniter.php(340): CodeIgniter\CodeIgniter->handleRequest(null, Object(Config\Cache), false)
11 FCPATH\index.php(67): CodeIgniter\CodeIgniter->run()
CRITICAL - 2023-01-01 16:32:47 --> A non-numeric value encountered
in APPPATH\Helpers\api_helper.php on line 339.
 1 APPPATH\Helpers\api_helper.php(339): CodeIgniter\Debug\Exceptions->errorHandler(2, 'A non-numeric value encountered', 'APPPATH\\Helpers\\api_helper.php', 339)
 2 APPPATH\Views\layout\dashboard.php(1351): getno3()
 3 SYSTEMPATH\View\View.php(213): include('APPPATH\\Views\\layout\\dashboard.php')
 4 SYSTEMPATH\View\View.php(216): CodeIgniter\View\View->CodeIgniter\View\{closure}()
 5 SYSTEMPATH\View\View.php(229): CodeIgniter\View\View->render('layout/dashboard', [], true)
 6 SYSTEMPATH\Common.php(1137): CodeIgniter\View\View->render('adminjbr/index', [], true)
 7 APPPATH\Controllers\AdminJbr.php(31): view('adminjbr/index', [...])
 8 SYSTEMPATH\CodeIgniter.php(904): App\Controllers\AdminJbr->index()
 9 SYSTEMPATH\CodeIgniter.php(457): CodeIgniter\CodeIgniter->runController(Object(App\Controllers\AdminJbr))
10 SYSTEMPATH\CodeIgniter.php(340): CodeIgniter\CodeIgniter->handleRequest(null, Object(Config\Cache), false)
11 FCPATH\index.php(67): CodeIgniter\CodeIgniter->run()
CRITICAL - 2023-01-01 16:34:01 --> A non-numeric value encountered
in APPPATH\Helpers\api_helper.php on line 339.
 1 APPPATH\Helpers\api_helper.php(339): CodeIgniter\Debug\Exceptions->errorHandler(2, 'A non-numeric value encountered', 'APPPATH\\Helpers\\api_helper.php', 339)
 2 APPPATH\Views\layout\dashboard.php(1351): getno3()
 3 SYSTEMPATH\View\View.php(213): include('APPPATH\\Views\\layout\\dashboard.php')
 4 SYSTEMPATH\View\View.php(216): CodeIgniter\View\View->CodeIgniter\View\{closure}()
 5 SYSTEMPATH\View\View.php(229): CodeIgniter\View\View->render('layout/dashboard', [], true)
 6 SYSTEMPATH\Common.php(1137): CodeIgniter\View\View->render('adminjbr/complete', [], true)
 7 APPPATH\Controllers\AdminJbr.php(447): view('adminjbr/complete', [...])
 8 SYSTEMPATH\CodeIgniter.php(904): App\Controllers\AdminJbr->complete('001_API_BG-JKT_01_23')
 9 SYSTEMPATH\CodeIgniter.php(457): CodeIgniter\CodeIgniter->runController(Object(App\Controllers\AdminJbr))
10 SYSTEMPATH\CodeIgniter.php(340): CodeIgniter\CodeIgniter->handleRequest(null, Object(Config\Cache), false)
11 FCPATH\index.php(67): CodeIgniter\CodeIgniter->run()
CRITICAL - 2023-01-01 16:42:11 --> Too few arguments to function getno3(), 0 passed in C:\xampp\htdocs\claim\app\Views\layout\dashboard.php on line 1351 and exactly 1 expected
in APPPATH\Helpers\api_helper.php on line 334.
 1 APPPATH\Views\layout\dashboard.php(1351): getno3()
 2 SYSTEMPATH\View\View.php(213): include('APPPATH\\Views\\layout\\dashboard.php')
 3 SYSTEMPATH\View\View.php(216): CodeIgniter\View\View->CodeIgniter\View\{closure}()
 4 SYSTEMPATH\View\View.php(229): CodeIgniter\View\View->render('layout/dashboard', [], true)
 5 SYSTEMPATH\Common.php(1137): CodeIgniter\View\View->render('adminjbr/complete', [], true)
 6 APPPATH\Controllers\AdminJbr.php(447): view('adminjbr/complete', [...])
 7 SYSTEMPATH\CodeIgniter.php(904): App\Controllers\AdminJbr->complete('001_API_BG-JKT_01_23')
 8 SYSTEMPATH\CodeIgniter.php(457): CodeIgniter\CodeIgniter->runController(Object(App\Controllers\AdminJbr))
 9 SYSTEMPATH\CodeIgniter.php(340): CodeIgniter\CodeIgniter->handleRequest(null, Object(Config\Cache), false)
10 FCPATH\index.php(67): CodeIgniter\CodeIgniter->run()
CRITICAL - 2023-01-01 16:42:20 --> Too few arguments to function getno3(), 0 passed in C:\xampp\htdocs\claim\app\Views\layout\dashboard.php on line 1351 and exactly 1 expected
in APPPATH\Helpers\api_helper.php on line 334.
 1 APPPATH\Views\layout\dashboard.php(1351): getno3()
 2 SYSTEMPATH\View\View.php(213): include('APPPATH\\Views\\layout\\dashboard.php')
 3 SYSTEMPATH\View\View.php(216): CodeIgniter\View\View->CodeIgniter\View\{closure}()
 4 SYSTEMPATH\View\View.php(229): CodeIgniter\View\View->render('layout/dashboard', [], true)
 5 SYSTEMPATH\Common.php(1137): CodeIgniter\View\View->render('adminjbr/complete', [], true)
 6 APPPATH\Controllers\AdminJbr.php(447): view('adminjbr/complete', [...])
 7 SYSTEMPATH\CodeIgniter.php(904): App\Controllers\AdminJbr->complete('001_API_BG-JKT_01_23')
 8 SYSTEMPATH\CodeIgniter.php(457): CodeIgniter\CodeIgniter->runController(Object(App\Controllers\AdminJbr))
 9 SYSTEMPATH\CodeIgniter.php(340): CodeIgniter\CodeIgniter->handleRequest(null, Object(Config\Cache), false)
10 FCPATH\index.php(67): CodeIgniter\CodeIgniter->run()
CRITICAL - 2023-01-01 16:42:41 --> Too few arguments to function getno3(), 0 passed in C:\xampp\htdocs\claim\app\Views\layout\dashboard.php on line 1351 and exactly 1 expected
in APPPATH\Helpers\api_helper.php on line 334.
 1 APPPATH\Views\layout\dashboard.php(1351): getno3()
 2 SYSTEMPATH\View\View.php(213): include('APPPATH\\Views\\layout\\dashboard.php')
 3 SYSTEMPATH\View\View.php(216): CodeIgniter\View\View->CodeIgniter\View\{closure}()
 4 SYSTEMPATH\View\View.php(229): CodeIgniter\View\View->render('layout/dashboard', [], true)
 5 SYSTEMPATH\Common.php(1137): CodeIgniter\View\View->render('adminjbr/complete', [], true)
 6 APPPATH\Controllers\AdminJbr.php(447): view('adminjbr/complete', [...])
 7 SYSTEMPATH\CodeIgniter.php(904): App\Controllers\AdminJbr->complete('001_API_BG-JKT_01_23')
 8 SYSTEMPATH\CodeIgniter.php(457): CodeIgniter\CodeIgniter->runController(Object(App\Controllers\AdminJbr))
 9 SYSTEMPATH\CodeIgniter.php(340): CodeIgniter\CodeIgniter->handleRequest(null, Object(Config\Cache), false)
10 FCPATH\index.php(67): CodeIgniter\CodeIgniter->run()
CRITICAL - 2023-01-01 16:42:42 --> Too few arguments to function getno3(), 0 passed in C:\xampp\htdocs\claim\app\Views\layout\dashboard.php on line 1351 and exactly 1 expected
in APPPATH\Helpers\api_helper.php on line 334.
 1 APPPATH\Views\layout\dashboard.php(1351): getno3()
 2 SYSTEMPATH\View\View.php(213): include('APPPATH\\Views\\layout\\dashboard.php')
 3 SYSTEMPATH\View\View.php(216): CodeIgniter\View\View->CodeIgniter\View\{closure}()
 4 SYSTEMPATH\View\View.php(229): CodeIgniter\View\View->render('layout/dashboard', [], true)
 5 SYSTEMPATH\Common.php(1137): CodeIgniter\View\View->render('adminjbr/complete', [], true)
 6 APPPATH\Controllers\AdminJbr.php(447): view('adminjbr/complete', [...])
 7 SYSTEMPATH\CodeIgniter.php(904): App\Controllers\AdminJbr->complete('001_API_BG-JKT_01_23')
 8 SYSTEMPATH\CodeIgniter.php(457): CodeIgniter\CodeIgniter->runController(Object(App\Controllers\AdminJbr))
 9 SYSTEMPATH\CodeIgniter.php(340): CodeIgniter\CodeIgniter->handleRequest(null, Object(Config\Cache), false)
10 FCPATH\index.php(67): CodeIgniter\CodeIgniter->run()
CRITICAL - 2023-01-01 16:42:43 --> Too few arguments to function getno3(), 0 passed in C:\xampp\htdocs\claim\app\Views\layout\dashboard.php on line 1351 and exactly 1 expected
in APPPATH\Helpers\api_helper.php on line 334.
 1 APPPATH\Views\layout\dashboard.php(1351): getno3()
 2 SYSTEMPATH\View\View.php(213): include('APPPATH\\Views\\layout\\dashboard.php')
 3 SYSTEMPATH\View\View.php(216): CodeIgniter\View\View->CodeIgniter\View\{closure}()
 4 SYSTEMPATH\View\View.php(229): CodeIgniter\View\View->render('layout/dashboard', [], true)
 5 SYSTEMPATH\Common.php(1137): CodeIgniter\View\View->render('adminjbr/complete', [], true)
 6 APPPATH\Controllers\AdminJbr.php(447): view('adminjbr/complete', [...])
 7 SYSTEMPATH\CodeIgniter.php(904): App\Controllers\AdminJbr->complete('001_API_BG-JKT_01_23')
 8 SYSTEMPATH\CodeIgniter.php(457): CodeIgniter\CodeIgniter->runController(Object(App\Controllers\AdminJbr))
 9 SYSTEMPATH\CodeIgniter.php(340): CodeIgniter\CodeIgniter->handleRequest(null, Object(Config\Cache), false)
10 FCPATH\index.php(67): CodeIgniter\CodeIgniter->run()
ERROR - 2023-01-01 21:37:20 --> mysqli_sql_exception: Duplicate entry 'tes-0002DNA230' for key 'PRIMARY' in C:\xampp\htdocs\claim\vendor\codeigniter4\framework\system\Database\MySQLi\Connection.php:293
Stack trace:
#0 C:\xampp\htdocs\claim\vendor\codeigniter4\framework\system\Database\MySQLi\Connection.php(293): mysqli->query('INSERT INTO `tb...', 0)
#1 C:\xampp\htdocs\claim\vendor\codeigniter4\framework\system\Database\BaseConnection.php(694): CodeIgniter\Database\MySQLi\Connection->execute('INSERT INTO `tb...')
#2 C:\xampp\htdocs\claim\vendor\codeigniter4\framework\system\Database\BaseConnection.php(621): CodeIgniter\Database\BaseConnection->simpleQuery('INSERT INTO `tb...')
#3 C:\xampp\htdocs\claim\vendor\codeigniter4\framework\system\Database\BaseBuilder.php(1916): CodeIgniter\Database\BaseConnection->query('INSERT INTO `tb...', Array, false)
#4 C:\xampp\htdocs\claim\app\Controllers\Acc.php(469): CodeIgniter\Database\BaseBuilder->insert(Array)
#5 C:\xampp\htdocs\claim\vendor\codeigniter4\framework\system\CodeIgniter.php(904): App\Controllers\Acc->real_store()
#6 C:\xampp\htdocs\claim\vendor\codeigniter4\framework\system\CodeIgniter.php(457): CodeIgniter\CodeIgniter->runController(Object(App\Controllers\Acc))
#7 C:\xampp\htdocs\claim\vendor\codeigniter4\framework\system\CodeIgniter.php(340): CodeIgniter\CodeIgniter->handleRequest(NULL, Object(Config\Cache), false)
#8 C:\xampp\htdocs\claim\index.php(67): CodeIgniter\CodeIgniter->run()
#9 {main}
CRITICAL - 2023-01-01 21:37:20 --> Duplicate entry 'tes-0002DNA230' for key 'PRIMARY'
in SYSTEMPATH\Database\MySQLi\Connection.php on line 293.
 1 SYSTEMPATH\Database\MySQLi\Connection.php(293): mysqli->query('INSERT INTO `tbreal` (`noklaim`, `nodn`, `tglreal`, `noreal`, `jumlah`, `qty1`, `qty2`, `nofin`, `jns_plnsn`, `inputby`) VALUES (\'001/API/WEB-CRB/01/23\', \'0002DNA230\', \'2023-01-01\', \'tes\', \'180\', \'0\', \'0\', \'tes\', \'Pembayaran Oleh Supplier\', \'2023-01-01;idapi001\')', 0)
 2 SYSTEMPATH\Database\BaseConnection.php(694): CodeIgniter\Database\MySQLi\Connection->execute('INSERT INTO `tbreal` (`noklaim`, `nodn`, `tglreal`, `noreal`, `jumlah`, `qty1`, `qty2`, `nofin`, `jns_plnsn`, `inputby`) VALUES (\'001/API/WEB-CRB/01/23\', \'0002DNA230\', \'2023-01-01\', \'tes\', \'180\', \'0\', \'0\', \'tes\', \'Pembayaran Oleh Supplier\', \'2023-01-01;idapi001\')')
 3 SYSTEMPATH\Database\BaseConnection.php(621): CodeIgniter\Database\BaseConnection->simpleQuery('INSERT INTO `tbreal` (`noklaim`, `nodn`, `tglreal`, `noreal`, `jumlah`, `qty1`, `qty2`, `nofin`, `jns_plnsn`, `inputby`) VALUES (\'001/API/WEB-CRB/01/23\', \'0002DNA230\', \'2023-01-01\', \'tes\', \'180\', \'0\', \'0\', \'tes\', \'Pembayaran Oleh Supplier\', \'2023-01-01;idapi001\')')
 4 SYSTEMPATH\Database\BaseBuilder.php(1916): CodeIgniter\Database\BaseConnection->query('INSERT INTO `tbreal` (`noklaim`, `nodn`, `tglreal`, `noreal`, `jumlah`, `qty1`, `qty2`, `nofin`, `jns_plnsn`, `inputby`) VALUES (:noklaim:, :nodn:, :tglreal:, :noreal:, :jumlah:, :qty1:, :qty2:, :nofin:, :jns_plnsn:, :inputby:)', [...], false)
 5 APPPATH\Controllers\Acc.php(469): CodeIgniter\Database\BaseBuilder->insert([...])
 6 SYSTEMPATH\CodeIgniter.php(904): App\Controllers\Acc->real_store()
 7 SYSTEMPATH\CodeIgniter.php(457): CodeIgniter\CodeIgniter->runController(Object(App\Controllers\Acc))
 8 SYSTEMPATH\CodeIgniter.php(340): CodeIgniter\CodeIgniter->handleRequest(null, Object(Config\Cache), false)
 9 FCPATH\index.php(67): CodeIgniter\CodeIgniter->run()
